<?xml version="1.0" encoding="UTF-8"?>
<testsuite xmlns:xsi="http://www.w3.org/2001/XMLSchema-instance" xsi:noNamespaceSchemaLocation="https://maven.apache.org/surefire/maven-surefire-plugin/xsd/surefire-test-report.xsd" version="3.0.2" name="com.example.taskManager.TaskManagerApplicationTests" time="10.985" tests="1" errors="0" skipped="0" failures="0">
  <properties>
[...]
</properties>
  <testcase name="contextLoads" classname="com.example.taskManager.TaskManagerApplicationTests" time="0.958">
    <system-out><![CDATA[01:30:44.615 [main] INFO org.springframework.test.context.support.AnnotationConfigContextLoaderUtils -- Could not detect default configuration classes for test class [com.example.taskManager.TaskManagerApplicationTests]: TaskManagerApplicationTests does not declare any static, non-private, non-final, nested classes annotated with @Configuration.
01:30:44.827 [main] INFO org.springframework.boot.test.context.SpringBootTestContextBootstrapper -- Found @SpringBootConfiguration com.example.taskmanager.TaskManagerApplication for test class com.example.taskManager.TaskManagerApplicationTests
01:30:45.241 [main] INFO org.springframework.boot.devtools.restart.RestartApplicationListener -- Restart disabled due to context in which it is running

  .   ____          _            __ _ _
 /\\ / ___'_ __ _ _(_)_ __  __ _ \ \ \ \
( ( )\___ | '_ | '_| | '_ \/ _` | \ \ \ \
 \\/  ___)| |_)| | | | | || (_| |  ) ) ) )
  '  |____| .__|_| |_|_| |_\__, | / / / /
 =========|_|==============|___/=/_/_/_/

 :: Spring Boot ::                (v4.0.3)

2026-03-05T01:30:45.832+05:30  INFO 6932 --- [           main] c.e.t.TaskManagerApplicationTests        : Starting TaskManagerApplicationTests using Java 17.0.9 with PID 6932 (started by user in C:\Users\user\OneDrive\Desktop\SpringBoot\taskManager)
2026-03-05T01:30:45.840+05:30  INFO 6932 --- [           main] c.e.t.TaskManagerApplicationTests        : No active profile set, falling back to 1 default profile: "default"
2026-03-05T01:30:47.189+05:30  INFO 6932 --- [           main] .s.d.r.c.RepositoryConfigurationDelegate : Bootstrapping Spring Data JPA repositories in DEFAULT mode.
2026-03-05T01:30:47.315+05:30  INFO 6932 --- [           main] .s.d.r.c.RepositoryConfigurationDelegate : Finished Spring Data repository scanning in 102 ms. Found 1 JPA repository interface.
2026-03-05T01:30:48.182+05:30  INFO 6932 --- [           main] org.hibernate.orm.jpa                    : HHH008540: Processing PersistenceUnitInfo [name: default]
2026-03-05T01:30:48.325+05:30  INFO 6932 --- [           main] org.hibernate.orm.core                   : HHH000001: Hibernate ORM core version 7.2.4.Final
2026-03-05T01:30:49.701+05:30  INFO 6932 --- [           main] o.s.o.j.p.SpringPersistenceUnitInfo      : No LoadTimeWeaver setup: ignoring JPA class transformer
2026-03-05T01:30:49.774+05:30  INFO 6932 --- [           main] com.zaxxer.hikari.HikariDataSource       : HikariPool-1 - Starting...
2026-03-05T01:30:50.354+05:30  INFO 6932 --- [           main] com.zaxxer.hikari.pool.HikariPool        : HikariPool-1 - Added connection com.mysql.cj.jdbc.ConnectionImpl@6c2f8ecb
2026-03-05T01:30:50.358+05:30  INFO 6932 --- [           main] com.zaxxer.hikari.HikariDataSource       : HikariPool-1 - Start completed.
2026-03-05T01:30:50.588+05:30  INFO 6932 --- [           main] org.hibernate.orm.connections.pooling    : HHH10001005: Database info:
	Database JDBC URL [jdbc:mysql://localhost:3306/taskdb]
	Database driver: MySQL Connector/J
	Database dialect: MySQLDialect
	Database version: 8.0.35
	Default catalog/schema: taskdb/undefined
	Autocommit mode: undefined/unknown
	Isolation level: REPEATABLE_READ [default REPEATABLE_READ]
	JDBC fetch size: none
	Pool: DataSourceConnectionProvider
	Minimum pool size: undefined/unknown
	Maximum pool size: undefined/unknown
2026-03-05T01:30:52.210+05:30  INFO 6932 --- [           main] org.hibernate.orm.core                   : HHH000489: No JTA platform available (set 'hibernate.transaction.jta.platform' to enable JTA platform integration)
Hibernate: 
    create table tasks (
        id bigint not null auto_increment,
        completed bit not null,
        description varchar(255),
        title varchar(255),
        primary key (id)
    ) engine=InnoDB
2026-03-05T01:30:52.531+05:30  INFO 6932 --- [           main] j.LocalContainerEntityManagerFactoryBean : Initialized JPA EntityManagerFactory for persistence unit 'default'
2026-03-05T01:30:52.722+05:30  INFO 6932 --- [           main] o.s.d.j.r.query.QueryEnhancerFactories   : Hibernate is in classpath; If applicable, HQL parser will be used.
2026-03-05T01:30:53.095+05:30  WARN 6932 --- [           main] JpaBaseConfiguration$JpaWebConfiguration : spring.jpa.open-in-view is enabled by default. Therefore, database queries may be performed during view rendering. Explicitly configure spring.jpa.open-in-view to disable this warning
2026-03-05T01:30:53.775+05:30  WARN 6932 --- [           main] ion$DefaultTemplateResolverConfiguration : Cannot find template location: classpath:/templates/ (please add some templates, check your Thymeleaf configuration, or set spring.thymeleaf.check-template-location=false)
2026-03-05T01:30:54.142+05:30  INFO 6932 --- [           main] c.e.t.TaskManagerApplicationTests        : Started TaskManagerApplicationTests in 8.932 seconds (process running for 11.714)
]]></system-out>
  </testcase>
</testsuite>